<?xml version="1.0" encoding="UTF-8"?>
<testng-results ignored="0" total="1" passed="1" failed="0" skipped="0">
  <reporter-output>
  </reporter-output>
  <suite started-at="2022-11-29T23:54:04 IST" name="Suite" finished-at="2022-11-29T23:54:04 IST" duration-ms="33">
    <groups>
    </groups>
    <test started-at="2022-11-29T23:54:04 IST" name="Test" finished-at="2022-11-29T23:54:04 IST" duration-ms="33">
      <class name="concatenation.concat">
        <test-method signature="Demo()[pri:0, instance:concatenation.concat@649bec2e]" started-at="2022-11-29T23:54:04 IST" name="Demo" finished-at="2022-11-29T23:54:04 IST" duration-ms="4" status="PASS">
          <reporter-output>
          </reporter-output>
        </test-method> <!-- Demo -->
      </class> <!-- concatenation.concat -->
    </test> <!-- Test -->
  </suite> <!-- Suite -->
</testng-results>
